PRT1
256
793
4 0 69 (1024 3072 352 ) (1024 3072 704 ) (1024 3168 704 ) (1024 3168 352 ) 
4 0 17 (1312 3072 704 ) (1279.996338 3072 704 ) (1279.996338 3072 352 ) (1312 3072 352 ) 
4 0 16 (1279.996338 3072 704 ) (1024 3072 704 ) (1024 3072 352 ) (1279.996338 3072 352 ) 
4 0 14 (1504 3072 704 ) (1312 3072 704 ) (1312 3072 352 ) (1504 3072 352 ) 
4 0 12 (1536 3072 704 ) (1504 3072 704 ) (1504 3072 352 ) (1536 3072 352 ) 
4 0 10 (1600 3072 704 ) (1536 3072 704 ) (1536 3072 352 ) (1600 3072 352 ) 
4 0 5 (1888 3072 704 ) (1600 3072 704 ) (1600 3072 352 ) (1888 3072 352 ) 
4 0 4 (1312 3072 352 ) (1024 3072 352 ) (1024 3088 352 ) (1312 3088 352 ) 
4 0 3 (1504 3072 352 ) (1312 3072 352 ) (1312 3088 352 ) (1504 3088 352 ) 
4 0 1 (1616 3072 352 ) (1504 3072 352 ) (1504 3088 352 ) (1616 3088 352 ) 
4 1 12 (1536 3072 352 ) (1504 3072 352 ) (1504 3072 320 ) (1536 3072 320 ) 
4 1 10 (1600 3072 352 ) (1536 3072 352 ) (1536 3072 320 ) (1600 3072 320 ) 
3 1 8 (1616 3072 352 ) (1600 3072 352 ) (1600 3072 320 ) 
3 1 3 (1504 3088 352 ) (1504 3072 320 ) (1504 3072 352 ) 
11 2 13 (1312 3072 192 ) (1312 3072 128 ) (1504 3072 128 ) (1504 3072 192 ) (1497 3072 229 ) (1476 3072 260 ) (1445 3072 281 ) (1408 3072 288 ) (1371 3072 281 ) (1340 3072 260 ) (1319 3072 229 ) 
4 3 14 (1504 3072 352 ) (1312 3072 352 ) (1312 3072 320 ) (1504 3072 320 ) 
3 3 4 (1312 3088 352 ) (1312 3072 320 ) (1312 3072 352 ) 
3 4 70 (1024 3072 320 ) (1024 3072 352 ) (1024 3088 352 ) 
4 4 17 (1312 3072 352 ) (1279.996338 3072 352 ) (1279.996338 3072 320 ) (1312 3072 320 ) 
4 4 16 (1279.996338 3072 352 ) (1024 3072 352 ) (1024 3072 320 ) (1279.996338 3072 320 ) 
4 5 26 (1888 2304 704 ) (1600 2304 704 ) (1600 2304 352 ) (1888 2304 352 ) 
4 5 10 (1600 3072 704 ) (1600 3072 352 ) (1600 2304 352 ) (1600 2304 704 ) 
4 5 9 (1888 2304 352 ) (1600 2304 352 ) (1600 2320 352 ) (1888 2320 352 ) 
4 5 8 (1600 2384 352 ) (1600 3072 352 ) (1616 3072 352 ) (1616 2368 352 ) 
4 5 7 (1600 2368 352 ) (1600 2384 352 ) (1664 2320 352 ) (1648 2320 352 ) 
3 5 6 (1600 2320 352 ) (1600 2368 352 ) (1648 2320 352 ) 
4 6 29 (1600 2304 128 ) (1664 2304 128 ) (1664 2304 288 ) (1600 2304 288 ) 
4 6 27 (1664 2304 288 ) (1664 2304 320 ) (1600 2304 320 ) (1600 2304 288 ) 
3 6 22 (1664 2304 128 ) (1600 2304 128 ) (1600 2368 128 ) 
4 6 11 (1600 2368 128 ) (1600 2304 128 ) (1600 2304 144 ) (1600 2368 144 ) 
5 6 10 (1600 2304 144 ) (1600 2304 320 ) (1600 2320 352 ) (1600 2368 352 ) (1600 2368 144 ) 
4 6 9 (1648 2320 352 ) (1600 2320 352 ) (1600 2304 320 ) (1664 2304 320 ) 
4 6 7 (1648 2320 352 ) (1664 2304 320 ) (1600 2368 320 ) (1600 2368 352 ) 
3 7 10 (1600 2368 320.001038 ) (1600 2368 352 ) (1600 2384 352 ) 
3 7 9 (1664 2320 352 ) (1648 2320 352 ) (1664 2304 320 ) 
3 7 8 (1600 2368.001953 320 ) (1600 2384 352 ) (1616 2368 352 ) 
4 8 10 (1600 3072 352 ) (1600 3072 320 ) (1600 2368 320.001038 ) (1600 2384 352 ) 
4 9 27 (1888 2304 352 ) (1600 2304 352 ) (1600 2304 320 ) (1888 2304 320 ) 
3 9 10 (1600 2304 320 ) (1600 2304 352 ) (1600 2320 352 ) 
5 10 29 (1504 2304 128 ) (1536 2304 128 ) (1600 2304 144 ) (1600 2304 288 ) (1504 2304 288 ) 
4 10 27 (1600 2304 288 ) (1600 2304 352 ) (1504 2304 352 ) (1504 2304 288 ) 
4 10 26 (1600 2304 352 ) (1600 2304 704 ) (1504 2304 704 ) (1504 2304 352 ) 
4 10 23 (1504 2464 128 ) (1504 2816 128 ) (1536 2816 128 ) (1536 2432 128 ) 
4 10 22 (1536 2304 128 ) (1504 2304 128 ) (1504 2464 128 ) (1536 2432 128 ) 
4 10 15 (1504 3056 128 ) (1504 2304 128 ) (1504 2304 704 ) (1504 3056 704 ) 
4 10 12 (1504 3055.996094 287.992462 ) (1504 3055.996094 704 ) (1536.007813 3072 704 ) (1536.007813 3072 320 ) 
4 10 11 (1536.003784 2304 128 ) (1536.003906 2815.996582 128 ) (1600 2816.224365 144 ) (1600 2304 144 ) 
3 11 29 (1536 2304 128 ) (1600 2304 128 ) (1600 2304 144 ) 
4 11 23 (1536 2432 128 ) (1536 2816 128 ) (1600 2752.228271 128 ) (1600 2368 128 ) 
4 11 22 (1600 2304 128 ) (1536 2304 128 ) (1536 2432 128 ) (1600 2368 128 ) 
4 12 14 (1504 3056 288 ) (1504 3056 704 ) (1504 3072 704 ) (1504 3072 320 ) 
11 13 15 (1312 3056 192 ) (1312 3056 128 ) (1504 3056 128 ) (1504 3056 192 ) (1497 3056 229 ) (1476 3056 260 ) (1445 3056 281 ) (1408 3056 288 ) (1371 3056 281 ) (1340 3056 260 ) (1319 3056 229 ) 
4 14 17 (1312 3072 704 ) (1312 3072 320 ) (1312 3056 288 ) (1312 3056 704 ) 
4 14 15 (1312 3056 704 ) (1312 3056 288 ) (1504 3056 288 ) (1504 3056 704 ) 
4 15 29 (1312 2304 128 ) (1504 2304 128 ) (1504 2304 288 ) (1312 2304 288 ) 
4 15 27 (1504 2304 288 ) (1504 2304 352 ) (1312 2304 352 ) (1312 2304 288 ) 
4 15 26 (1504 2304 352 ) (1504 2304 704 ) (1312 2304 704 ) (1312 2304 352 ) 
4 15 23 (1312 2656 128 ) (1312 2816 128 ) (1504 2816 128 ) (1504 2464 128 ) 
4 15 22 (1504 2304 128 ) (1312 2304 128 ) (1312 2656 128 ) (1504 2464 128 ) 
4 15 21 (1312 3004 128 ) (1312 2936 128 ) (1312 2936 192 ) (1312 3004 192 ) 
4 15 19 (1312 3056 128 ) (1312 3004 128 ) (1312 3004 192 ) (1312 3056 192 ) 
4 15 18 (1312 2936 128 ) (1312 2304 128 ) (1312 2304 192 ) (1312 2936 192 ) 
4 15 16 (1312 2304 192 ) (1312 2304 704 ) (1312 3056 704 ) (1312 3056 192 ) 
4 16 83 (1024 2752 320 ) (1024 2815.997803 320 ) (1024 2815.997803 192 ) (1024 2752 192 ) 
4 16 84 (1024 2304 192 ) (1024 2304 320 ) (1024 2752 320 ) (1024 2752 192 ) 
4 16 81 (1024 2768 352 ) (1024 3072 352 ) (1024 3072 320 ) (1024 2752 320 ) 
4 16 72 (1024 2304 320 ) (1024 2304 352 ) (1024 2768 352 ) (1024 2752 320 ) 
4 16 71 (1024 2304 352 ) (1024 2304 704 ) (1024 3072 704 ) (1024 3072 352 ) 
4 16 30 (1024 2304 704 ) (1024 2304 192 ) (1312 2304 192 ) (1312 2304 704 ) 
4 16 21 (1104 3056 192 ) (1312 3004 192 ) (1312 2936 192 ) (1088 2992 192 ) 
3 16 20 (1024 3072 192 ) (1040 3072 192 ) (1024 3008 192 ) 
4 16 19 (1040 3072 192 ) (1279.996338 3072 192 ) (1312 3055.998047 192 ) (1312 3004 192 ) 
4 16 18 (1312 2936 192 ) (1312 2304 192 ) (1024 2304 192 ) (1024 3008 192 ) 
4 16 17 (1279.995117 3072 320 ) (1279.992188 3072 704 ) (1312 3055.996094 704 ) (1312 3055.997803 287.995697 ) 
4 18 83 (1024 2752 192 ) (1024 2815.998047 192 ) (1024 2815.998047 128 ) (1024 2752 128 ) 
4 18 84 (1024 2304 128 ) (1024 2304 192 ) (1024 2752 192 ) (1024 2752 128 ) 
4 18 30 (1024 2304 192 ) (1024 2304 128 ) (1312 2304 128 ) (1312 2304 192 ) 
4 18 25 (1024 2416 128 ) (1024 2800 128 ) (1040 2800 128 ) (1040 2416 128 ) 
4 18 24 (1040 2320 128 ) (1040 2800 128 ) (1264 2800 128 ) (1264 2320 128 ) 
4 18 23 (1280 2688 128 ) (1280 2816 128 ) (1312 2816 128 ) (1312 2656 128 ) 
4 18 22 (1312 2304 128 ) (1280 2304 128 ) (1280 2688 128 ) (1312 2656 128 ) 
4 18 21 (1088 2992 192 ) (1312 2936 192 ) (1312 2936 128 ) (1088 2992 128 ) 
4 19 21 (1104 3056 128 ) (1312 3004 128 ) (1312 3004 192 ) (1104 3056 192 ) 
4 22 30 (1312 2304 128 ) (1280 2304 128 ) (1280 2304 0 ) (1312 2304 0 ) 
5 22 29 (1664 2304 31.886068 ) (1664 2304 128 ) (1312 2304 128 ) (1312 2304 0 ) (1536 2304 0 ) 
5 22 23 (1280 2688.001953 96 ) (1280 2688.001953 128 ) (1600 2368.001953 128 ) (1600 2368.001953 31.943459 ) (1536 2432.001709 32 ) 
4 24 25 (1040 2800 96 ) (1040 2416 96 ) (1040 2416 128 ) (1040 2800 128 ) 
4 25 85 (1024 2416 128 ) (1024 2800 128 ) (1024 2800 96 ) (1024 2416 96 ) 
4 26 50 (1600 2048 704 ) (1312 2048 704 ) (1312 2048 352 ) (1600 2048 352 ) 
4 26 36 (1888 2048 704 ) (1600 2048 704 ) (1600 2048 352 ) (1888 2048 352 ) 
4 26 31 (1312 2080 352 ) (1312 2048 352 ) (1312 2048 704 ) (1312 2080 704 ) 
4 26 30 (1312 2304 704 ) (1312 2304 352 ) (1312 2080 352 ) (1312 2080 704 ) 
4 26 27 (1888 2048 352 ) (1312 2048 352 ) (1312 2304 352 ) (1888 2304 352 ) 
4 27 50 (1600 2048 352 ) (1312 2048 352 ) (1312 2048 288 ) (1600 2048 288 ) 
4 27 37 (1888.070068 2048 352 ) (1600 2048 352 ) (1600 2048 288 ) (1888.070068 2048 288 ) 
4 27 34 (1312 2048 304 ) (1312 2048 336 ) (1312 2064 336 ) (1312 2080 304 ) 
3 27 32 (1312 2064 336 ) (1312 2080 336 ) (1312 2080 304 ) 
4 27 31 (1312 2048 336 ) (1312 2048 352 ) (1312 2080 352 ) (1312 2080 336 ) 
4 27 30 (1312 2304 352 ) (1312 2304 288 ) (1312 2080 288 ) (1312 2080 352 ) 
4 27 29 (1792 2048 288 ) (1312 2048 288 ) (1312 2304 288 ) (1792 2304 288 ) 
4 27 28 (1808 2048 288 ) (1792 2048 288 ) (1792 2304 288 ) (1808 2304 288 ) 
3 28 38 (1808 2048 288 ) (1792 2048 288 ) (1792 2048 256 ) 
4 28 29 (1792 2048 288 ) (1792 2304 288 ) (1792 2304 256 ) (1792 2048 256 ) 
5 29 50 (1600 2048 288 ) (1312 2048 288 ) (1312 2048 0 ) (1536 2048 0 ) (1600 2048 16 ) 
4 29 39 (1792 2048 64 ) (1792 2048 288 ) (1600 2048 288 ) (1600 2048 16 ) 
4 29 30 (1312 2304 288 ) (1312 2304 0 ) (1312 2080 0 ) (1312 2080 288 ) 
4 30 90 (1024 2304 96 ) (1024 2304 0 ) (1024 2080 0 ) (1024 2080 96 ) 
4 30 87 (1024 2304 128 ) (1024 2304 96 ) (1024 2080 96 ) (1024 2080 128 ) 
4 30 84 (1024 2304 320 ) (1024 2304 128 ) (1024 2080 128 ) (1024 2080 320 ) 
4 30 72 (1024 2304 352 ) (1024 2304 320 ) (1024 2080 320 ) (1024 2080 352 ) 
4 30 71 (1024 2304 704 ) (1024 2304 352 ) (1024 2080 352 ) (1024 2080 704 ) 
4 30 35 (1024 2080 0 ) (1184 2080 0 ) (1184 2080 304 ) (1024 2080 304 ) 
4 30 32 (1312 2080 304 ) (1312 2080 336 ) (1024 2080 336 ) (1024 2080 304 ) 
4 30 31 (1312 2080 336 ) (1312 2080 704 ) (1024 2080 704 ) (1024 2080 336 ) 
4 31 72 (1024 2048 336 ) (1024 2048 352 ) (1024 2080 352 ) (1024 2080 336 ) 
4 31 71 (1024 2048 352 ) (1024 2048 704 ) (1024 2080 704 ) (1024 2080 352 ) 
4 31 65 (1024 2048 704 ) (1024 2048 336 ) (1184 2048 336 ) (1184 2048 704 ) 
4 31 51 (1184 2048 336 ) (1312 2048 336 ) (1312 2048 704 ) (1184 2048 704 ) 
4 31 34 (1312 2064 336 ) (1312 2048 336 ) (1296 2048 336 ) (1296 2064 336 ) 
4 31 33 (1200 2048 336 ) (1184 2048 336 ) (1184 2064 336 ) (1200 2064 336 ) 
4 31 35 (1184 2048 336 ) (1024 2048 336 ) (1024 2064 336 ) (1184 2064 336 ) 
4 31 32 (1024 2080 336 ) (1312 2080 336 ) (1312 2064 336 ) (1024 2064 336 ) 
3 32 84 (1024 2080 320 ) (1024 2080 304 ) (1024 2072 320 ) 
4 32 72 (1024 2064 336 ) (1024 2080 336 ) (1024 2080 320 ) (1024 2072 320 ) 
3 32 34 (1312 2080 304 ) (1312 2064 336 ) (1296 2064 336 ) 
3 32 33 (1184 2080 304 ) (1200 2064 336 ) (1184 2064 336 ) 
4 32 35 (1024 2080 304 ) (1184 2080 304 ) (1184 2064 336 ) (1024 2064 336 ) 
3 33 53 (1200 2048 336 ) (1184 2048 336 ) (1184 2048 304 ) 
4 33 35 (1184 2064 336 ) (1184 2080 304 ) (1184 2048 304 ) (1184 2048 336 ) 
3 34 54 (1312 2048 304 ) (1312 2048 336 ) (1296 2048 336 ) 
4 35 90 (1024 2048 0 ) (1024 2048 96 ) (1024 2080 96 ) (1024 2080 0 ) 
4 35 87 (1024 2048 96 ) (1024 2048 128 ) (1024 2080 128 ) (1024 2080 96 ) 
5 35 84 (1024 2048 128 ) (1024 2048 320 ) (1024 2072 320 ) (1024 2080 304 ) (1024 2080 128 ) 
4 35 72 (1024 2048 320 ) (1024 2048 336 ) (1024 2064 336 ) (1024 2072 320 ) 
4 35 66 (1024 2048 288 ) (1024 2048 256 ) (1184 2048 256 ) (1184 2048 288 ) 
4 35 65 (1024 2048 336 ) (1024 2048 288 ) (1184 2048 288 ) (1184 2048 336 ) 
4 36 116 (1616 1024 704 ) (1600 1024 704 ) (1600 1024 352 ) (1616 1024 352 ) 
4 36 114 (1792 1024 704 ) (1728 1024 704 ) (1728 1024 352 ) (1792 1024 352 ) 
4 36 115 (1728 1024 704 ) (1616 1024 704 ) (1616 1024 352 ) (1728 1024 352 ) 
4 36 109 (1808 1024 704 ) (1792 1024 704 ) (1792 1024 352 ) (1808 1024 352 ) 
4 36 107 (1888 1024 704 ) (1808 1024 704 ) (1808 1024 352 ) (1888 1024 352 ) 
4 36 58 (1600 1312 352 ) (1600 1024 352 ) (1600 1024 704 ) (1600 1312 704 ) 
4 36 55 (1600 1952 352 ) (1600 1312 352 ) (1600 1312 704 ) (1600 1952 704 ) 
4 36 50 (1600 2048 704 ) (1600 2048 352 ) (1600 1952 352 ) (1600 1952 704 ) 
4 36 45 (1648 1776 352 ) (1664 1776 352 ) (1616 1728 352 ) (1616 1744 352 ) 
3 36 44 (1616 1776 352 ) (1648 1776 352 ) (1616 1744 352 ) 
4 36 43 (1664 1040 352 ) (1648 1040 352 ) (1616 1072 352 ) (1616 1088 352 ) 
3 36 42 (1648 1040 352 ) (1616 1040 352 ) (1616 1072 352 ) 
4 36 41 (1600 1040 352 ) (1600 1776 352 ) (1616 1776 352 ) (1616 1040 352 ) 
4 36 46 (1600 1776 352 ) (1600 1792 352 ) (1888 1792 352 ) (1888 1776 352 ) 
4 36 47 (1888 1024 352 ) (1600 1024 352 ) (1600 1040 352 ) (1888 1040 352 ) 
4 36 37 (1600 1792 352 ) (1600 2048 352 ) (1888 2048 352 ) (1888 1792 352 ) 
4 37 55 (1600 1952 288 ) (1600 1792 288 ) (1600 1792 352 ) (1600 1952 352 ) 
4 37 50 (1600 2048 352 ) (1600 2048 288 ) (1600 1952 288 ) (1600 1952 352 ) 
4 37 44 (1600 1792 320 ) (1600 1792 288 ) (1664 1792 288 ) (1664 1792 320 ) 
4 37 46 (1888.070068 1792 352 ) (1600 1792 352 ) (1600 1792 320 ) (1888.070068 1792 320 ) 
4 37 38 (1808 1792 288 ) (1792 1792 288 ) (1792 2048 288 ) (1808 2048 288 ) 
4 37 39 (1792 1792 288 ) (1600 1792 288 ) (1600 2048 288 ) (1792 2048 288 ) 
4 38 39 (1792 1792 256 ) (1792 1792 288 ) (1792 2048 288 ) (1792 2048 256 ) 
4 39 55 (1600 1952 16 ) (1600 1792 16 ) (1600 1792 288 ) (1600 1952 288 ) 
4 39 50 (1600 2048 288 ) (1600 2048 16 ) (1600 1952 16 ) (1600 1952 288 ) 
4 39 49 (1600 1792 80 ) (1600 1792 16 ) (1664 1792 32 ) (1664 1792 80 ) 
4 39 44 (1664 1792 288 ) (1600 1792 288 ) (1600 1792 80 ) (1664 1792 80 ) 
3 40 46 (1888 1792 352 ) (1888 1792 320 ) (1888 1776 352 ) 
4 41 58 (1600 1024 320 ) (1600 1040 352 ) (1600 1312 352 ) (1600 1312 320 ) 
4 41 55 (1600 1312 352 ) (1600 1776 352 ) (1600 1792 320 ) (1600 1312 320 ) 
3 41 45 (1616 1744 352 ) (1616 1728 352 ) (1600 1728 320 ) 
4 41 44 (1600 1792 320 ) (1616 1776 352 ) (1616 1744 352 ) (1600 1728 320 ) 
3 41 43 (1616 1088 352 ) (1616 1072 352 ) (1600 1088 320 ) 
4 41 42 (1616 1072 352 ) (1616 1039.996094 352 ) (1600 1023.996094 320 ) (1600 1088 320 ) 
3 41 46 (1600 1776 352 ) (1616 1776 352 ) (1600 1792 320.001953 ) 
3 41 47 (1616 1040 352 ) (1600 1040 352 ) (1600 1024 320 ) 
4 42 116 (1616 1024 320 ) (1600 1024 320 ) (1600 1024 80 ) (1616 1024 80 ) 
4 42 115 (1664 1024 320 ) (1616 1024 320 ) (1616 1024 80 ) (1664 1024 80 ) 
4 42 58 (1600 1024 80 ) (1600 1024 320 ) (1600 1088 320 ) (1600 1088 80 ) 
3 42 48 (1616 1072 80 ) (1664 1024 80 ) (1616 1024 80 ) 
5 42 43 (1600 1088 320.007813 ) (1615.996094 1072.003906 352 ) (1647.996094 1040.003906 352 ) (1663.996338 1024.003662 320 ) (1600 1088 320 ) 
4 42 47 (1648 1040 352 ) (1616 1040 352 ) (1600 1024 320 ) (1664 1024 320 ) 
3 43 47 (1664 1040 352 ) (1648 1040 352 ) (1664 1024 320 ) 
4 44 55 (1600 1728 320 ) (1600 1792 320 ) (1600 1792 80 ) (1600 1728 80 ) 
3 44 49 (1600 1728 80 ) (1600 1792 80 ) (1664 1792 80 ) 
4 44 45 (1616 1744 352 ) (1600 1728 320 ) (1664 1792 320 ) (1648 1776 352 ) 
4 44 46 (1616 1776 352 ) (1648 1776 352 ) (1664 1792 320.001953 ) (1600 1792 320.001953 ) 
3 45 46 (1648 1776 352 ) (1664.001099 1776 352 ) (1664 1792 320.001953 ) 
3 46 55 (1600 1776 352 ) (1600 1792 352 ) (1600 1792 320 ) 
4 47 116 (1616 1024 352 ) (1600 1024 352 ) (1600 1024 320 ) (1616 1024 320 ) 
4 47 114 (1792 1024 352 ) (1728 1024 352 ) (1728 1024 320 ) (1792 1024 320 ) 
4 47 115 (1728 1024 352 ) (1616 1024 352 ) (1616 1024 320 ) (1728 1024 320 ) 
4 47 109 (1808 1024 352 ) (1792 1024 352 ) (1792 1024 320 ) (1808 1024 320 ) 
4 47 108 (1888 1024 320 ) (1888 1024 352 ) (1808 1024 352 ) (1808 1024 320 ) 
3 47 58 (1600 1024 320 ) (1600 1024 352 ) (1600 1040 352 ) 
4 48 115 (1664 1024 64 ) (1664 1024 80 ) (1616 1024 80 ) (1616 1024 64 ) 
4 49 55 (1600 1728 80 ) (1600 1792 80 ) (1600 1792 16 ) (1600 1728 16 ) 
5 50 55 (1312 1952 0 ) (1536 1952 0 ) (1600 1952 16 ) (1600 1952 704 ) (1312 1952 704 ) 
4 50 54 (1312 2048 336 ) (1312 2048 304 ) (1312 1952 304 ) (1312 1968 336 ) 
3 50 52 (1312 1952 304 ) (1312 1952 336 ) (1312 1968 336 ) 
4 50 51 (1312 2048 704 ) (1312 2048 336 ) (1312 1952 336 ) (1312 1952 704 ) 
4 51 65 (1184 1952 336 ) (1184 1952 704 ) (1184 2048 704 ) (1184 2048 336 ) 
4 51 56 (1184 1952 704 ) (1184 1952 336 ) (1280 1952 336 ) (1280 1952 704 ) 
4 51 55 (1280 1952 336 ) (1312 1952 336 ) (1312 1952 704 ) (1280 1952 704 ) 
4 51 54 (1312 2048 336 ) (1312 1968 336 ) (1296 1968 336 ) (1296 2048 336 ) 
4 51 53 (1200 1968 336 ) (1184 1968 336 ) (1184 2048 336 ) (1200 2048 336 ) 
4 51 52 (1312 1968 336 ) (1312 1952 336 ) (1184 1952 336 ) (1184 1968 336 ) 
3 52 65 (1184 1952 304 ) (1184 1952 336 ) (1184 1968 336 ) 
4 52 56 (1184 1952 336 ) (1184 1952 304 ) (1280 1952 304 ) (1280 1952 336 ) 
4 52 55 (1280 1952 304 ) (1312 1952 304 ) (1312 1952 336 ) (1280 1952 336 ) 
3 52 54 (1296 1968 336 ) (1312 1968 336 ) (1312 1952 304.001953 ) 
3 52 53 (1184 1968 336 ) (1200 1968 336 ) (1184 1952 304.001953 ) 
4 53 65 (1184 1952 304 ) (1184 1968 336 ) (1184 2048 336 ) (1184 2048 304 ) 
4 55 60 (1280 1312 336 ) (1280 1312 304 ) (1312 1312 304 ) (1312 1312 336 ) 
4 55 59 (1312 1312 704 ) (1280 1312 704 ) (1280 1312 336 ) (1312 1312 336 ) 
5 55 58 (1600 1312 16 ) (1600 1312 704 ) (1312 1312 704 ) (1312 1312 0 ) (1536 1312 0 ) 
4 55 57 (1280 1952 288 ) (1280 1952 256 ) (1280 1312 256 ) (1280 1312 288 ) 
4 55 56 (1280 1952 704 ) (1280 1952 288 ) (1280 1312 288 ) (1280 1312 704 ) 
4 56 65 (1184 1312 288 ) (1184 1312 704 ) (1184 1952 704 ) (1184 1952 288 ) 
4 56 60 (1184 1312 336 ) (1184 1312 304 ) (1280 1312 304 ) (1280 1312 336 ) 
4 56 59 (1184 1312 704 ) (1184 1312 336 ) (1280 1312 336 ) (1280 1312 704 ) 
4 56 57 (1268 1952 288 ) (1280 1952 288 ) (1280 1312 288 ) (1268 1312 288 ) 
5 58 121 (1600 1024 16 ) (1600 1024 704 ) (1312 1024 704 ) (1312 1024 0 ) (1536 1024 0 ) 
4 58 64 (1312 1184 0 ) (1312 1024 0 ) (1312 1024 704 ) (1312 1184 704 ) 
4 58 63 (1312 1312 304 ) (1312 1184 304 ) (1312 1200 336 ) (1312 1296 336 ) 
3 58 61 (1312 1184 304 ) (1312 1184 336 ) (1312 1200 336 ) 
3 58 60 (1312 1312 336 ) (1312 1312 304 ) (1312 1296 336 ) 
4 58 59 (1312 1312 704 ) (1312 1312 336 ) (1312 1184 336 ) (1312 1184 704 ) 
4 59 65 (1184 1312 704 ) (1184 1312 336 ) (1184 1184 336 ) (1184 1184 704 ) 
4 59 64 (1184 1184 704 ) (1184 1184 336 ) (1312 1184 336 ) (1312 1184 704 ) 
4 59 63 (1296 1296 336 ) (1312 1296 336 ) (1312 1200 336 ) (1296 1200 336 ) 
4 59 62 (1184 1200 336 ) (1184 1296 336 ) (1200 1296 336 ) (1200 1200 336 ) 
4 59 61 (1312 1184 336 ) (1184 1184 336 ) (1184 1200 336 ) (1312 1200 336 ) 
4 59 60 (1184 1296 336 ) (1184 1312 336 ) (1312 1312 336 ) (1312 1296 336 ) 
3 60 65 (1184 1312 336 ) (1184 1312 304 ) (1184 1296 336 ) 
3 60 63 (1312 1312 304 ) (1312 1296 336 ) (1296 1296 336 ) 
3 60 62 (1184 1312 304 ) (1200 1296 336 ) (1184 1296 336 ) 
3 61 65 (1184 1184 304 ) (1184 1184 336 ) (1184 1200 336 ) 
4 61 64 (1184 1184 336 ) (1184 1184 304 ) (1312 1184 304 ) (1312 1184 336 ) 
3 61 63 (1312 1184 304 ) (1296 1200 336 ) (1312 1200 336 ) 
3 61 62 (1184 1184 304 ) (1184 1200 336 ) (1200 1200 336 ) 
4 62 65 (1184 1312 304 ) (1184 1184 304 ) (1184 1200 336 ) (1184 1296 336 ) 
4 64 121 (1184 1024 704 ) (1184 1024 0 ) (1312 1024 0 ) (1312 1024 704 ) 
4 64 68 (1184 1024 0 ) (1184 1024 288 ) (1184 1184 288 ) (1184 1184 0 ) 
4 64 65 (1184 1024 288 ) (1184 1024 704 ) (1184 1184 704 ) (1184 1184 288 ) 
4 65 121 (1184 1024 288 ) (1184 1024 704 ) (1024 1024 704 ) (1024 1024 288 ) 
4 65 102 (1024 1024 288 ) (1024 1024 704 ) (1024 1408 704 ) (1024 1408 288 ) 
4 65 95 (1024 1408 704 ) (1024 1536 704 ) (1024 1536 288 ) (1024 1408 288 ) 
4 65 92 (1024 1536 704 ) (1024 2048 704 ) (1024 2048 288 ) (1024 1536 288 ) 
4 65 67 (1184 1232 288 ) (1184 1216 288 ) (1024 1216 288 ) (1024 1232 288 ) 
4 65 66 (1024 2048 288 ) (1184 2048 288 ) (1184 2032 288 ) (1024 2032 288 ) 
4 65 68 (1184 1216 288 ) (1184 1024 288 ) (1024 1024 288 ) (1024 1216 288 ) 
3 66 94 (1024 2032 288 ) (1024 2048 288 ) (1024 2048 256 ) 
3 67 103 (1024 1216 288 ) (1024 1232 288 ) (1024 1216 256 ) 
4 67 68 (1184 1216 256 ) (1184 1216 288 ) (1024 1216 288 ) (1024 1216 256 ) 
4 68 121 (1184 1024 0 ) (1184 1024 288 ) (1024 1024 288 ) (1024 1024 0 ) 
4 68 104 (1024 1024 0 ) (1024 1024 288 ) (1024 1216 288 ) (1024 1216 0 ) 
4 69 71 (1024 3072 352 ) (1024 3072 704 ) (224 3072 704 ) (224 3072 352 ) 
4 69 70 (1024 3088 352 ) (1024 3072 352 ) (1007.997986 3072 352 ) (1007.997986 3088 352 ) 
3 70 81 (1024 3072 319.996002 ) (1024 3072 352 ) (1007.997986 3072 352 ) 
4 71 98 (512 2048 704 ) (224 2048 704 ) (224 2048 352 ) (512 2048 352 ) 
4 71 92 (1024 2048 352 ) (1024 2048 704 ) (512 2048 704 ) (512 2048 352 ) 
3 71 82 (1007.997986 2815.998047 352 ) (1007.997986 2768 352 ) (960 2768 352 ) 
4 71 81 (1007.997986 3072 352 ) (1024 3072 352 ) (1024 2768 352 ) (1007.997986 2768 352 ) 
3 71 79 (240 2560 352 ) (240 2592 352 ) (272 2560 352 ) 
4 71 78 (272 2048 352 ) (240 2048 352 ) (240 2304 352 ) (272 2304 352 ) 
3 71 77 (784 2048 352 ) (272 2048 352 ) (272 2560 352 ) 
3 71 76 (768 2768 352 ) (800 2768 352 ) (768 2736 352 ) 
3 71 75 (480 2768 352 ) (512 2768 352 ) (512 2736 352 ) 
3 71 74 (768 2736 352 ) (640 2608 352 ) (512 2736 352 ) 
5 71 73 (432 2400 352 ) (240 2592 352 ) (240 2768 352 ) (480 2768 352 ) (640 2608 352 ) 
5 71 72 (1024 2768 352 ) (1024 2048 352 ) (784 2048 352 ) (432 2400 352 ) (800 2768 352 ) 
4 72 92 (1024 2048 320 ) (1024 2048 352 ) (784 2048 352 ) (800 2048 320 ) 
5 72 84 (1024 2048 320 ) (800 2048 320 ) (448 2400 320 ) (800 2752 320 ) (1024 2752 320 ) 
4 72 82 (1023.997925 2752 320 ) (960 2752 320 ) (960 2768 352 ) (1007.997986 2768 352 ) 
4 72 81 (1024 2752 320 ) (1023.997925 2752 320 ) (1007.997986 2768 352 ) (1024 2768 352 ) 
4 72 77 (448.002014 2400.001953 320 ) (800.003906 2048 320 ) (784.003906 2048 352 ) (432.001984 2400.001953 352 ) 
4 72 76 (799.996094 2767.998047 352 ) (799.996094 2751.998047 320 ) (784 2736.001953 320 ) (768 2736.001953 352 ) 
4 72 74 (767.998108 2720 320 ) (640 2592 320 ) (639.998901 2608 352 ) (767.998047 2736 352 ) 
4 72 73 (640 2592 320 ) (448 2400.001953 320 ) (432 2400.001953 352 ) (639.998901 2608 352 ) 
5 73 84 (448 2400 320 ) (256 2592 320 ) (256 2752 320 ) (480 2752 320 ) (640 2592 320 ) 
5 73 79 (239.996094 2592.007813 352 ) (255.996094 2592.007813 320 ) (272.003906 2576 320 ) (272.003815 2560.003906 351.992371 ) (272 2560.003906 352 ) 
4 73 77 (288 2560.003906 320 ) (448.002014 2400.001953 320 ) (432.001984 2400.001953 352 ) (272 2560.003906 352 ) 
5 73 75 (496 2735.997070 320 ) (479.996918 2752 320 ) (479.996918 2768 352 ) (511.997070 2736 352 ) (511.997070 2735.997070 351.994141 ) 
4 73 74 (640 2607.998047 352 ) (640 2591.998047 320 ) (511.997070 2720 320 ) (511.997070 2736 352 ) 
3 74 84 (768 2720 320 ) (640 2592 320 ) (512 2720 320 ) 
3 75 84 (480 2752 320 ) (496 2752 320 ) (496 2736 320 ) 
3 76 84 (784 2752 320 ) (800 2752 320 ) (784 2736 320 ) 
4 77 99 (512 2048 352 ) (272 2048 352 ) (288 2048 320 ) (512 2048 320 ) 
4 77 92 (784 2048 352 ) (512 2048 352 ) (512 2048 320 ) (800 2048 320 ) 
3 77 84 (800 2048 320 ) (288 2048 320 ) (288 2560 320 ) 
3 77 80 (288 2304 320 ) (288 2288 320 ) (272 2304 352 ) 
4 77 78 (288 2288 320 ) (288 2048 320 ) (272 2048 352 ) (272 2304 352 ) 
3 78 101 (256 2048 352 ) (240 2048 352 ) (256 2048 320 ) 
4 78 99 (272 2048 352 ) (256 2048 352 ) (256 2048 320 ) (288 2048 320 ) 
4 78 84 (288 2048 320 ) (256 2048 320 ) (256 2288 320 ) (288 2288 320 ) 
3 78 80 (272 2304 352 ) (288 2288 320 ) (272 2288 320 ) 
3 79 84 (256 2576 320 ) (256 2592 320 ) (272 2576 320 ) 
3 80 84 (288 2304 320 ) (288 2288 320 ) (272 2288 320 ) 
4 81 82 (1023.998047 2815.998047 320 ) (1023.998047 2752.001953 320 ) (1007.998047 2768.001953 352 ) (1007.998047 2815.998047 352 ) 
3 82 83 (1024 2816 320 ) (1024 2752 320 ) (960 2752 320 ) 
4 83 85 (1024 2800 128 ) (1024 2752 128 ) (960.002197 2752 128 ) (1008.002197 2800 128 ) 
4 83 84 (960.002197 2752 128 ) (1024 2752 128 ) (1024 2752 320 ) (960.002197 2752 320 ) 
4 84 99 (512 2048 320 ) (256 2048 320 ) (256 2048 128 ) (512 2048 128 ) 
4 84 94 (1024 2048 256 ) (1024 2048 288 ) (528 2048 288 ) (512 2048 256 ) 
3 84 93 (528 2048 288 ) (512 2048 288 ) (512 2048 256 ) 
4 84 92 (1024 2048 288 ) (1024 2048 320 ) (512 2048 320 ) (512 2048 288 ) 
4 84 88 (512 2048 128 ) (256 2048 128 ) (256 2752 128 ) (512 2752 128 ) 
4 84 87 (1024 2400 128 ) (1024 2048 128 ) (528 2048 128 ) (528 2400 128 ) 
4 84 86 (624.002075 2416 128 ) (512 2416 128 ) (512 2752 128 ) (960.002197 2752 128 ) 
4 84 85 (1024 2752 128 ) (1024 2416 128 ) (624.002075 2416 128 ) (960.002197 2752 128 ) 
4 85 86 (960 2752 96 ) (623.998047 2416 96 ) (623.998047 2416 128 ) (959.998047 2752 128 ) 
4 86 88 (512 2752 96 ) (512 2416 96 ) (512 2416 128 ) (512 2752 128 ) 
4 87 91 (720 2048 96 ) (528 2048 96 ) (528 2400 96 ) (720 2400 96 ) 
4 87 90 (1024 2048 96 ) (720 2048 96 ) (720 2400 96 ) (1024 2400 96 ) 
4 88 99 (512 2048 128 ) (256 2048 128 ) (256 2048 96 ) (512 2048 96 ) 
3 89 91 (720 2400 -76 ) (720 2329.719971 -76 ) (720 2400 -65.018768 ) 
5 90 91 (720 2304 -76 ) (720 2048 -76 ) (720 2048 96 ) (720 2400 96 ) (720 2400 -64 ) 
4 92 99 (512 1536 288 ) (512 1536 352 ) (512 2048 352 ) (512 2048 288 ) 
4 92 98 (512 1536 352 ) (512 1536 704 ) (512 2048 704 ) (512 2048 352 ) 
4 92 97 (512 1536 352 ) (512 1536 320 ) (768 1536 320 ) (768 1536 352 ) 
4 92 96 (512 1536 704 ) (512 1536 352 ) (768 1536 352 ) (768 1536 704 ) 
4 92 95 (768 1536 288 ) (1024 1536 288 ) (1024 1536 704 ) (768 1536 704 ) 
4 92 94 (528 2032 288 ) (528 2048 288 ) (1024 2048 288 ) (1024 2032 288 ) 
4 92 93 (528 1536 288 ) (512 1536 288 ) (512 2048 288 ) (528 2048 288 ) 
4 93 99 (512 1536 256 ) (512 1536 288 ) (512 2048 288 ) (512 2048 256 ) 
3 93 94 (528 2048 288 ) (528 2032 288 ) (512 2048 256 ) 
4 95 102 (1024 1408 288 ) (1024 1408 704 ) (768 1408 704 ) (768 1408 288 ) 
3 95 97 (768 1520 352 ) (768 1536 352 ) (768 1536 320 ) 
4 95 96 (768 1408 352 ) (768 1408 704 ) (768 1536 704 ) (768 1536 352 ) 
4 96 102 (768 1408 352 ) (768 1408 704 ) (512 1408 704 ) (512 1408 352 ) 
4 96 98 (512 1408 352 ) (512 1408 704 ) (512 1536 704 ) (512 1536 352 ) 
4 96 97 (512 1520 352 ) (512 1536 352 ) (768 1536 352 ) (768 1520 352 ) 
3 97 100 (512 1520 352 ) (512 1536 352 ) (512 1536 320 ) 
4 98 102 (384 1408 352 ) (512 1408 352 ) (512 1408 704 ) (384 1408 704 ) 
4 98 101 (240 2048 352 ) (256 2048 352 ) (256 1520 352 ) (240 1520 352 ) 
4 98 100 (512 1536 352 ) (512 1520 352 ) (256 1520 352 ) (256 1536 352 ) 
4 98 99 (256 2048 352 ) (512 2048 352 ) (512 1536 352 ) (256 1536 352 ) 
4 99 101 (256 1536 320 ) (256 1536 352 ) (256 2048 352 ) (256 2048 320 ) 
4 99 100 (256 1536 352 ) (256 1536 320 ) (512 1536 320 ) (512 1536 352 ) 
3 100 101 (256 1520 352 ) (256 1536 352 ) (256 1536 320 ) 
4 102 147 (864 1024 352 ) (384 1024 352 ) (384 1024 288 ) (864 1024 288 ) 
4 102 139 (1024 1024 288 ) (1024 1024 352 ) (864 1024 352 ) (864 1024 288 ) 
4 102 137 (1024 1024 352 ) (1024 1024 704 ) (864 1024 704 ) (864 1024 352 ) 
4 102 138 (864 1024 704 ) (384 1024 704 ) (384 1024 352 ) (864 1024 352 ) 
4 102 106 (512 1104 288 ) (512 1024 288 ) (496 1024 288 ) (496 1088 288 ) 
4 102 105 (512 1088 288 ) (512 1104 288 ) (624 1216 288 ) (640 1216 288 ) 
5 102 104 (1024 1216 288 ) (1024 1024 288 ) (512 1024 288 ) (512 1088 288 ) (640 1216 288 ) 
4 102 103 (1024 1232 288 ) (1024 1216 288 ) (624 1216 288 ) (640 1232 288 ) 
3 103 105 (640 1216 288 ) (624 1216 288 ) (640 1216 256 ) 
4 103 104 (1024 1216 256 ) (1024 1216 288 ) (640 1216 288 ) (640 1216 256 ) 
4 104 161 (768 1024 192 ) (512 1024 192 ) (512 1024 0 ) (768 1024 0 ) 
4 104 158 (1024 1024 0 ) (1024 1024 192 ) (768 1024 192 ) (768 1024 0 ) 
4 104 150 (512 1024 256 ) (512 1024 192 ) (864 1024 192 ) (864 1024 256 ) 
4 104 149 (864 1024 288 ) (512 1024 288 ) (512 1024 256 ) (864 1024 256 ) 
4 104 145 (960 1024 256 ) (864 1024 256 ) (864 1024 192 ) (960 1024 192 ) 
4 104 144 (1024 1024 192 ) (1024 1024 256 ) (960 1024 256 ) (960 1024 192 ) 
4 104 142 (1024 1024 256 ) (1024 1024 288 ) (864 1024 288 ) (864 1024 256 ) 
4 104 106 (512 1024 256 ) (512 1024 288 ) (512 1088 288 ) (512 1088 256 ) 
4 104 105 (640 1216 288 ) (640 1216 256 ) (512 1088 256 ) (512 1088 288 ) 
3 105 106 (512 1088 256 ) (512 1088 288 ) (512 1104 288 ) 
3 106 149 (512 1024 288 ) (496 1024 288 ) (512 1024 256 ) 
4 107 126 (1888 320 704 ) (1808 320 704 ) (1808 320 352 ) (1888 320 352 ) 
4 107 113 (1808 512 352 ) (1808 320 352 ) (1808 320 704 ) (1808 512 704 ) 
4 107 112 (1808 611.265137 352 ) (1808 512 352 ) (1808 512 704 ) (1808 778.884155 704 ) 
4 107 109 (1808 1024 704 ) (1808 1024 352 ) (1808 611.265137 352 ) (1808 778.884155 704 ) 
4 107 108 (1888 320 352 ) (1808 320 352 ) (1808 1024 352 ) (1888 1024 352 ) 
4 108 130 (1888.070068 320 352 ) (1808 320 352 ) (1808 320 320 ) (1888.070068 320 320 ) 
4 108 113 (1808 512 288 ) (1808 320 288 ) (1808 320 352 ) (1808 512 352 ) 
4 108 112 (1808 580.788940 288 ) (1808 512 288 ) (1808 512 352 ) (1808 611.265076 352 ) 
3 108 111 (1808 608 288 ) (1808 580.788940 288 ) (1808 608 345.143341 ) 
5 108 109 (1808 1024 352 ) (1808 1024 288 ) (1808 608 288 ) (1808 608 345.143341 ) (1808 611.265076 352 ) 
5 109 117 (1792 608 345.143311 ) (1792 778.884155 704 ) (1792 960 704 ) (1792 960 256 ) (1792 608 256 ) 
4 109 114 (1792 960 704 ) (1792 1024 704 ) (1792 1024 256 ) (1792 960 256 ) 
4 109 112 (1808 608 345.144836 ) (1808 778.882935 704 ) (1792 778.882935 704 ) (1792 608 345.144867 ) 
4 109 111 (1808 608 288 ) (1808 608 345.141907 ) (1792 608 345.141907 ) (1792 608 256 ) 
11 110 117 (1792 512 80 ) (1792 512 127.916496 ) (1792 516.026917 152 ) (1792 526.026978 173 ) (1792 542.025208 186.998489 ) (1792 560.015869 192 ) (1792 578 187 ) (1792 594 173 ) (1792 604 152 ) (1792 608 128.083740 ) (1792 608 80 ) 
3 111 117 (1792 565.550659 256 ) (1792 608 345.143311 ) (1792 608 256 ) 
4 111 112 (1808 580.788269 288 ) (1808 608 345.144836 ) (1792 608 345.144867 ) (1792 565.550049 256 ) 
4 112 117 (1792 512 256 ) (1792 512 704 ) (1792 778.884155 704 ) (1792 565.550659 256 ) 
4 112 113 (1808 512 288 ) (1808 512 704 ) (1792 512 704 ) (1792 512 256 ) 
4 113 130 (1808 320 320 ) (1808 320 352 ) (1792 320 352 ) (1792 320 320 ) 
4 113 126 (1808 320 352 ) (1808 320 704 ) (1792 320 704 ) (1792 320 352 ) 
4 113 117 (1792 320 256 ) (1792 320 704 ) (1792 512 704 ) (1792 512 256 ) 
4 114 117 (1792 960 128 ) (1792 960 704 ) (1728 960 704 ) (1728 960 128 ) 
4 114 115 (1728 960 128 ) (1728 960 704 ) (1728 1024 704 ) (1728 1024 128 ) 
4 115 118 (1616 960 64 ) (1632 960 64 ) (1632 960 704 ) (1616 960 704 ) 
4 115 117 (1632 960 64 ) (1728 960 64 ) (1728 960 704 ) (1632 960 704 ) 
4 115 116 (1616 960 80 ) (1616 960 704 ) (1616 1024 704 ) (1616 1024 80 ) 
4 116 121 (1600 1024 704 ) (1600 1024 80 ) (1600 960 80 ) (1600 960 704 ) 
4 116 118 (1600 960 704 ) (1600 960 80 ) (1616 960 80 ) (1616 960 704 ) 
4 117 130 (1792 320 320 ) (1792 320 352 ) (1632 320 352 ) (1632 320 320 ) 
4 117 126 (1792 320 352 ) (1792 320 704 ) (1632 320 704 ) (1632 320 352 ) 
4 117 119 (1632 832 64 ) (1632 320 64 ) (1632 320 704 ) (1632 832 704 ) 
4 117 118 (1632 960 704 ) (1632 960 64 ) (1632 832 64 ) (1632 832 704 ) 
4 118 121 (1600 832 32 ) (1600 832 704 ) (1600 960 704 ) (1600 960 32 ) 
4 118 120 (1600 832 704 ) (1600 832 80 ) (1616 832 80 ) (1616 832 704 ) 
4 118 119 (1632 832 64 ) (1632 832 704 ) (1616 832 704 ) (1616 832 64 ) 
4 119 130 (1632 320 320 ) (1632 320 352 ) (1616 320 352 ) (1616 320 320 ) 
4 119 126 (1632 320 352 ) (1632 320 704 ) (1616 320 704 ) (1616 320 352 ) 
4 119 120 (1616 320 80 ) (1616 320 704 ) (1616 832 704 ) (1616 832 80 ) 
4 120 130 (1616 320 320 ) (1616 320 352 ) (1600 320 352 ) (1600 320 320 ) 
4 120 126 (1616 320 352 ) (1616 320 704 ) (1600 320 704 ) (1600 320 352 ) 
4 120 122 (1600 320 80 ) (1600 320 704 ) (1600 768 704 ) (1600 768 80 ) 
4 120 121 (1600 768 704 ) (1600 832 704 ) (1600 832 80 ) (1600 768 80 ) 
4 121 158 (1024 1024 192 ) (1024 1024 0 ) (1024 768 0 ) (1024 768 192 ) 
4 121 144 (1024 1024 256 ) (1024 1024 192 ) (1024 768 192 ) (1024 768 256 ) 
4 121 143 (1024 784 256 ) (1024 768 256 ) (1024 768 288 ) (1024 784 288 ) 
4 121 142 (1024 1024 288 ) (1024 1024 256 ) (1024 880 256 ) (1024 880 288 ) 
4 121 141 (1024 880 256 ) (1024 784 256 ) (1024 784 288 ) (1024 880 288 ) 
4 121 139 (1024 1024 352 ) (1024 1024 288 ) (1024 768 288 ) (1024 768 352 ) 
4 121 137 (1024 1024 704 ) (1024 1024 352 ) (1024 768 352 ) (1024 768 704 ) 
4 121 124 (1024 768 32 ) (1024 768 0 ) (1248 768 0 ) (1248 768 32 ) 
4 121 123 (1280 768 704 ) (1024 768 704 ) (1024 768 32 ) (1280 768 32 ) 
5 121 122 (1600 768 16 ) (1600 768 704 ) (1280 768 704 ) (1280 768 0 ) (1536 768 0 ) 
4 122 130 (1600 320 320 ) (1600 320 352 ) (1280 320 352 ) (1280 320 320 ) 
4 122 126 (1600 320 352 ) (1600 320 704 ) (1280 320 704 ) (1280 320 352 ) 
5 122 125 (1280 768 0 ) (1536 768 0 ) (1600 725.333435 0 ) (1600 320 0 ) (1280 320 0 ) 
4 122 123 (1280 320 32 ) (1280 320 704 ) (1280 768 704 ) (1280 768 32 ) 
4 123 159 (1024 320 32 ) (1024 320 192 ) (1024 768 192 ) (1024 768 32 ) 
4 123 144 (1024 320 192 ) (1024 320 256 ) (1024 768 256 ) (1024 768 192 ) 
4 123 143 (1024 320 256 ) (1024 320 288 ) (1024 768 288 ) (1024 768 256 ) 
4 123 139 (1024 320 288 ) (1024 320 352 ) (1024 768 352 ) (1024 768 288 ) 
4 123 137 (1024 320 352 ) (1024 320 704 ) (1024 768 704 ) (1024 768 352 ) 
4 123 132 (1024 320 288 ) (1024 320 32 ) (1152 320 32 ) (1152 320 288 ) 
4 123 131 (1024 320 352 ) (1024 320 288 ) (1152 320 288 ) (1152 320 352 ) 
4 123 130 (1280 320 320 ) (1280 320 352 ) (1216 320 352 ) (1216 320 320 ) 
4 123 127 (1152 320 32 ) (1216 320 32 ) (1216 320 352 ) (1152 320 352 ) 
4 123 126 (1024 320 704 ) (1024 320 352 ) (1280 320 352 ) (1280 320 704 ) 
4 123 124 (1024 768 32 ) (1248 768 32 ) (1248 320 32 ) (1024 320 32 ) 
4 124 159 (1024 320 0 ) (1024 320 32 ) (1024 768 32 ) (1024 768 0 ) 
4 124 132 (1024 320 32 ) (1024 320 0 ) (1152 320 0 ) (1152 320 32 ) 
4 124 127 (1152 320 0 ) (1216 320 0 ) (1216 320 32 ) (1152 320 32 ) 
13 125 134 (1600 320 -152 ) (1600 320 -95 ) (1593.020142 320 -58.092529 ) (1572.019897 320 -27.092220 ) (1541.020020 320 -6.092262 ) (1508.800659 320 0 ) (1371.199341 320 0 ) (1338.956299 320 -6.096738 ) (1307.994507 320 -27.070927 ) (1286.979980 320 -58.092209 ) (1280 320 -95 ) (1280 320 -168 ) (1536 320 -168 ) 
4 126 137 (1024 32 704 ) (1024 320 704 ) (1024 320 352 ) (1024 32 352 ) 
4 126 131 (1024 32 352 ) (1024 320 352 ) (1152 320 352 ) (1152 32 352 ) 
4 126 130 (1216 320 352 ) (1888 320 352 ) (1888 304 352 ) (1200 304 352 ) 
4 126 128 (1168 256 352 ) (1168 272 352 ) (1200 304 352 ) (1216 304 352 ) 
4 126 129 (1168 32 352 ) (1152 32 352 ) (1152 256 352 ) (1168 272 352 ) 
3 126 127 (1152 320 352 ) (1216 320 352 ) (1152 256 352 ) 
4 127 132 (1152 320 0 ) (1152 256 0 ) (1152 256 288 ) (1152 320 288 ) 
4 127 131 (1152 256 288 ) (1152 256 352 ) (1152 320 352 ) (1152 320 288 ) 
3 127 130 (1216 320 320 ) (1216 320 352 ) (1200 304 352 ) 
5 127 128 (1152 256.001953 320 ) (1152 256.001953 319.996033 ) (1216 320 320 ) (1200 304 352 ) (1168 272.001495 352 ) 
3 127 129 (1152 256.001953 352 ) (1152 256.001953 320 ) (1168 272.001495 352 ) 
3 128 130 (1216 320 320 ) (1200 304 352 ) (1216 304 352 ) 
3 128 129 (1168 256 352 ) (1168 272 352 ) (1152 256 320 ) 
4 129 131 (1152 32 320 ) (1152 32 352 ) (1152 256 352 ) (1152 256 320 ) 
4 131 139 (1024 32 352 ) (1024 320 352 ) (1024 320 288 ) (1024 32 288 ) 
4 131 133 (1152 128 288 ) (1152 112 288 ) (1024 112 288 ) (1024 128 288 ) 
4 131 132 (1024 320 288 ) (1152 320 288 ) (1152 128 288 ) (1024 128 288 ) 
4 132 159 (1024 320 192 ) (1024 320 0 ) (1024 128 0 ) (1024 128 192 ) 
4 132 144 (1024 320 256 ) (1024 320 192 ) (1024 128 192 ) (1024 128 256 ) 
4 132 143 (1024 128 288 ) (1024 320 288 ) (1024 320 256 ) (1024 128 256 ) 
4 132 133 (1152 128 256 ) (1152 128 288 ) (1024 128 288 ) (1024 128 256 ) 
3 133 143 (1024 112 288 ) (1024 128 288 ) (1024 128 256 ) 
9 134 136 (1536 288 -5.143039 ) (1508.800659 288 0 ) (1371.199341 288 0 ) (1338.956299 288 -6.096743 ) (1307.994507 288 -27.070925 ) (1286.979980 288 -58.092262 ) (1280 288 -95 ) (1280 288 -180 ) (1536 288 -180 ) 
7 134 135 (1600 288 -164 ) (1600 288 -95 ) (1593.020142 288 -58.092472 ) (1572.019897 288 -27.092222 ) (1541.020020 288 -6.092258 ) (1536 288 -5.143039 ) (1536 288 -180 ) 
5 135 136 (1536 288 0 ) (1536 288 -180 ) (1536 256 -192 ) (1536 32 -192 ) (1536 32 0 ) 
4 137 139 (864 1024 352 ) (1024 1024 352 ) (1024 32 352 ) (864 32 352 ) 
4 137 138 (864 1024 352 ) (864 32 352 ) (864 32 704 ) (864 1024 704 ) 
4 138 191 (400 0 704 ) (384 0 704 ) (384 0 352 ) (400 0 352 ) 
4 138 189 (864 0 704 ) (400 0 704 ) (400 0 352 ) (864 0 352 ) 
4 138 176 (384 496 352 ) (384 0 352 ) (384 0 704 ) (384 496 704 ) 
4 138 156 (768 256 352 ) (784 256 352 ) (784 0 352 ) (768 0 352 ) 
4 138 157 (384 0 352 ) (384 256 352 ) (768 256 352 ) (768 0 352 ) 
4 138 154 (464 272 352 ) (432 272 352 ) (400 304 352 ) (400 336 352 ) 
3 138 153 (432 272 352 ) (400 272 352 ) (400 304 352 ) 
4 138 152 (784 256 352 ) (400 256 352 ) (400 272 352 ) (784 272 352 ) 
4 138 151 (384 256 352 ) (384 496 352 ) (400 496 352 ) (400 256 352 ) 
4 138 147 (384 704 352 ) (384 1024 352 ) (864 1024 352 ) (864 704 352 ) 
4 139 147 (864 704 352 ) (864 1024 352 ) (864 1024 288 ) (864 704 288 ) 
4 139 143 (944 704 288 ) (1024 784 288 ) (1024 112 288 ) (944 112 288 ) 
5 139 142 (864 752 288 ) (864 1024 288 ) (1024 1024 288 ) (1024 880 288 ) (896 752 288 ) 
4 139 141 (896 752 288 ) (1024 880 288 ) (1024 784 288 ) (944 704 288 ) 
3 139 140 (864 624 288 ) (864 704 288 ) (904 664 288 ) 
3 141 146 (912 768 256 ) (960 768 256 ) (960 720 256 ) 
3 141 145 (912 768 256 ) (960 816 256 ) (960 768 256 ) 
4 141 144 (960 816 256 ) (1024 880 256 ) (1024 784 256 ) (960 720 256 ) 
4 141 143 (960.001953 719.998047 256 ) (1024 783.996094 256 ) (1024 784 288 ) (944 704 288 ) 
4 141 142 (1024 880 256 ) (912 768 256 ) (896 752 288 ) (1024 880 288 ) 
4 142 149 (864 752 288 ) (864 1024 288 ) (864 1024 256 ) (864 768 256 ) 
5 142 145 (864 768 256 ) (864 1024 256 ) (960 1024 256 ) (960 816 256 ) (912 768 256 ) 
4 142 144 (960 1024 256 ) (1024 1024 256 ) (1024 880 256 ) (960 816 256 ) 
4 143 144 (960 720 256 ) (1024 784 256 ) (1024 128 256 ) (960 128 256 ) 
4 144 159 (960 128 192 ) (960 768 192 ) (1024 768 192 ) (1024 128 192 ) 
4 144 158 (960 768 192 ) (960 1024 192 ) (1024 1024 192 ) (1024 768 192 ) 
4 144 146 (960 768 192 ) (960 720 192 ) (960 720 256 ) (960 768 256 ) 
4 144 145 (960 1024 192 ) (960 768 192 ) (960 768 256 ) (960 1024 256 ) 
4 145 158 (864 768 192 ) (864 1024 192 ) (960 1024 192 ) (960 768 192 ) 
4 145 150 (864 1024 192 ) (864 768 192 ) (864 768 256 ) (864 1024 256 ) 
4 145 146 (960 768 192 ) (960 768 256 ) (912 768 256 ) (912 768 192 ) 
3 146 160 (912 768 192 ) (960 768 192 ) (960 720 192 ) 
4 147 149 (496 752 288 ) (496 1024 288 ) (864 1024 288 ) (864 752 288 ) 
3 147 148 (864 704 288 ) (848 704 288 ) (856 712 288 ) 
4 149 150 (512 768 256 ) (512 1024 256 ) (864 1024 256 ) (864 768 256 ) 
4 150 161 (512 1024 192 ) (768 1024 192 ) (768 768 192 ) (512 768 192 ) 
4 150 158 (768 1024 192 ) (864 1024 192 ) (864 768 192 ) (768 768 192 ) 
3 151 177 (384 480 352 ) (384 496 352 ) (384 480 320 ) 
4 151 178 (384 256 320 ) (384 256 352 ) (384 480 352 ) (384 480 320 ) 
3 151 157 (400 256 352 ) (384 256 352 ) (384 256 320 ) 
3 151 154 (384 320 320 ) (400 336 352 ) (400 304 352 ) 
4 151 153 (384 256 320 ) (384 320 320 ) (400 304 352 ) (400 272 352 ) 
3 151 152 (400 256 352 ) (384 256 320 ) (400 272 352 ) 
3 152 156 (784 256 352 ) (768 256 352 ) (768 256 320 ) 
4 152 157 (768 256 352 ) (400 256 352 ) (384 256 320 ) (768 256 320 ) 
3 152 154 (448 256 320 ) (432 272 352 ) (464 272 352 ) 
4 152 153 (448 256 320 ) (384 256 320 ) (400 272 352 ) (432 272 352 ) 
4 153 178 (384 256 288 ) (384 256 320 ) (384 320 320 ) (384 320 288 ) 
4 153 157 (448 256 320 ) (384 256 320 ) (384 256 288 ) (448 256 288 ) 
3 153 155 (448 256 288 ) (384 256 288 ) (384 320 288 ) 
5 153 154 (432.003906 271.996094 352 ) (448 256 320.007813 ) (448 256 320 ) (384 320 320 ) (400 304 352 ) 
4 155 178 (384 320 192 ) (384 256 192 ) (384 256 288 ) (384 320 288 ) 
3 155 174 (384 256 192 ) (384 320 192 ) (448 256 192 ) 
4 155 157 (384 256 192 ) (448 256 192 ) (448 256 288 ) (384 256 288 ) 
3 156 195 (784 0 352 ) (768 0 352 ) (768 0 320 ) 
4 156 157 (768 256 352 ) (768 256 320 ) (768 0 320 ) (768 0 352 ) 
4 157 196 (768 0 352 ) (384 0 352 ) (384 0 192 ) (768 0 192 ) 
4 157 180 (384 16 192 ) (384 0 192 ) (384 0 352 ) (384 16 352 ) 
4 157 178 (384 256 192 ) (384 16 192 ) (384 16 352 ) (384 256 352 ) 
4 157 175 (512 0 192 ) (384 0 192 ) (384 256 192 ) (512 256 192 ) 
4 157 168 (768 0 192 ) (512 0 192 ) (512 256 192 ) (768 256 192 ) 
3 158 163 (768 863.998047 0 ) (768 768 0 ) (768 768 191.996185 ) 
5 158 161 (768 1024 0 ) (768 863.998047 0 ) (768 768 191.996185 ) (768 768 192 ) (768 1024 192 ) 
4 158 160 (912 768 0 ) (960 768 0 ) (960 768 192 ) (912 768 192 ) 
4 158 159 (960 768 0 ) (1024 768 0 ) (1024 768 192 ) (960 768 192 ) 
4 159 160 (960 768 192 ) (960 768 0 ) (960 720 0 ) (960 720 192 ) 
4 161 166 (512 768 191.992218 ) (512 863.996094 0 ) (544 863.996094 0 ) (544 784 159.992264 ) 
4 161 165 (544 863.996094 0 ) (736 863.996094 0 ) (736 783.996155 160 ) (544 783.996094 160 ) 
4 161 163 (736 863.996094 0 ) (768 863.996094 0 ) (768 767.996155 192 ) (736 783.997070 159.998138 ) 
4 162 172 (512 320 191.996109 ) (512 415.998047 0 ) (544 415.998047 0 ) (544 336 159.996109 ) 
4 162 171 (544 415.998047 0 ) (736 415.998047 0 ) (736 335.998108 160 ) (544 335.998047 160 ) 
4 162 169 (736 415.998047 0 ) (768 415.998047 0 ) (768 320 191.996307 ) (736 336 159.996277 ) 
4 162 167 (512 608 0 ) (512 704 192 ) (544 688 160 ) (544 608 0 ) 
4 162 165 (736 688 160 ) (736 608 0 ) (544 608 0 ) (544 688 160 ) 
4 162 164 (768 704 192 ) (768 608 0 ) (736 608 0 ) (736 688 160 ) 
3 163 165 (736 783.997131 159.997910 ) (736 863.996094 0 ) (736 783.997131 0 ) 
3 164 165 (736 607.996094 0 ) (736 688 160.007874 ) (736 688 0 ) 
4 165 167 (544 607.996094 0 ) (544 687.996094 160 ) (544 688 160 ) (544 688 0 ) 
3 165 166 (544 784 159.992294 ) (544 863.996094 0 ) (544 784 0 ) 
4 168 221 (512 0 160 ) (512 0 0 ) (544 0 0 ) (544 0 160 ) 
4 168 220 (544 0 0 ) (736 0 0 ) (736 0 160 ) (544 0 160 ) 
4 168 219 (736 0 0 ) (768 0 0 ) (768 0 160 ) (736 0 160 ) 
4 168 196 (768 0 192 ) (512 0 192 ) (512 0 160 ) (768 0 160 ) 
4 168 175 (512 160.001999 0 ) (512 0 0 ) (512 0 192 ) (512 256.001953 192 ) 
4 168 173 (512 160.001953 0 ) (512 256 191.996109 ) (544 240 159.996124 ) (544 160.001968 0 ) 
4 168 171 (736 240.001999 160 ) (736 160.002060 0 ) (544 160.001968 0 ) (544 240.001953 160 ) 
4 168 170 (768 256 191.996048 ) (768 160.002075 0 ) (736 160.002060 0 ) (736 240 159.996048 ) 
3 169 171 (736 336 159.992172 ) (736 415.996033 0 ) (736 336 0 ) 
3 170 171 (736 159.996094 0 ) (736 240 160.007843 ) (736 240 0 ) 
4 171 173 (544 159.996094 0 ) (544 239.996094 160 ) (544 240 160 ) (544 240 0 ) 
3 171 172 (544 336 159.992188 ) (544 415.996033 0 ) (544 336 0 ) 
3 173 175 (512 256 0 ) (512 160.001999 0 ) (512 256 191.996109 ) 
4 174 182 (384 320 0 ) (384 256 0 ) (384 256 128 ) (384 320 128 ) 
4 174 178 (384 256 128 ) (384 256 192 ) (384 320 192 ) (384 320 128 ) 
4 174 175 (384 256 0 ) (448 256 0 ) (448 256 192 ) (384 256 192 ) 
4 175 221 (384 0 160 ) (384 0 0 ) (512 0 0 ) (512 0 160 ) 
4 175 196 (512 0 192 ) (384 0 192 ) (384 0 160 ) (512 0 160 ) 
4 175 188 (384 16 0 ) (384 0 0 ) (384 0 128 ) (384 16 128 ) 
4 175 182 (384 256 0 ) (384 16 0 ) (384 16 128 ) (384 256 128 ) 
4 175 180 (384 0 128 ) (384 0 192 ) (384 16 192 ) (384 16 128 ) 
4 175 178 (384 16 192 ) (384 256 192 ) (384 256 128 ) (384 16 128 ) 
4 176 191 (384 0 352 ) (384 0 704 ) (112 0 704 ) (112 0 352 ) 
4 176 180 (384 16 352 ) (384 0 352 ) (160 0 352 ) (144 16 352 ) 
4 176 179 (128 16 352 ) (112 16 352 ) (112 496 352 ) (128 496 352 ) 
4 176 177 (384 496 352 ) (384 480 352 ) (128 480 352 ) (128 496 352 ) 
4 176 178 (384 480 352 ) (384 16 352 ) (128 16 352 ) (128 480 352 ) 
3 177 179 (128 480 320 ) (128 480 352 ) (128 496 352 ) 
4 177 178 (128 480 352 ) (128 480 320 ) (384 480 320 ) (384 480 352 ) 
4 178 183 (176 448 128 ) (176 480 128 ) (336 480 128 ) (336 448 128 ) 
4 178 186 (336 16 128 ) (176 16 128 ) (176 448 128 ) (336 448 128 ) 
4 178 182 (384 480 128 ) (384 16 128 ) (336 16 128 ) (336 480 128 ) 
4 178 187 (176 16 128 ) (128 16 128 ) (128 480 128 ) (176 480 128 ) 
4 178 180 (144 16 128 ) (384 16 128 ) (384 16 352 ) (144 16 352 ) 
4 178 179 (128 16 320 ) (128 16 352 ) (128 480 352 ) (128 480 320 ) 
4 180 223 (384 0 128 ) (384 0 160 ) (160 0 160 ) (160 0 128 ) 
4 180 196 (384 0 160 ) (384 0 352 ) (160 0 352 ) (160 0 160 ) 
4 180 188 (384 16 128 ) (384 0 128 ) (160 0 128 ) (144 16 128 ) 
4 181 183 (304 480 16 ) (304 480 128 ) (208 480 128 ) (208 480 16 ) 
4 182 188 (336 16 0 ) (384 16 0 ) (384 16 128 ) (336 16 128 ) 
4 182 185 (336 464 0 ) (336 448 0 ) (336 448 16 ) (336 464 16 ) 
4 182 183 (336 480 128 ) (336 480 16 ) (336 448 16 ) (336 448 128 ) 
4 182 186 (336 448 0 ) (336 16 0 ) (336 16 128 ) (336 448 128 ) 
3 183 185 (336 448 16 ) (320 448 16 ) (336 464 16 ) 
3 183 184 (192 448 16 ) (176 448 16 ) (176 464 16 ) 
4 183 186 (176 448 128 ) (176 448 16 ) (336 448 16 ) (336 448 128 ) 
4 183 187 (176 480 128 ) (176 480 16 ) (176 448 16 ) (176 448 128 ) 
4 184 187 (176 464 0 ) (176 448 0 ) (176 448 16 ) (176 464 16 ) 
4 184 186 (176 448 16 ) (176 448 0 ) (192 448 0 ) (192 448 16 ) 
4 185 186 (320 448 0 ) (336 448 0 ) (336 448 16 ) (320 448 16 ) 
4 186 188 (176 16 0 ) (336 16 0 ) (336 16 128 ) (176 16 128 ) 
4 186 187 (176 448 0 ) (176 16 0 ) (176 16 128 ) (176 448 128 ) 
4 187 188 (144 16 0 ) (176 16 0 ) (176 16 128 ) (144 16 128 ) 
4 188 223 (384 0 0 ) (384 0 128 ) (160 0 128 ) (160 0 0 ) 
4 189 208 (512.007813 -384 352 ) (736 -384 352 ) (736 -400 352 ) (480.007721 -400 352 ) 
4 189 206 (400 -400 352 ) (400 -384 352 ) (512.007813 -384 352 ) (480.007721 -400 352 ) 
5 189 202 (400 -384 352 ) (400 -272 352 ) (544 -272 352 ) (736 -368 352 ) (736 -384 352 ) 
4 189 201 (768 -384 352 ) (768 -400 352 ) (736 -400 352 ) (736 -384 352 ) 
3 189 200 (736 -368 352 ) (768 -384 352 ) (736 -384 352 ) 
3 189 198 (544 -272 352 ) (768 -272 352 ) (768 -384 352 ) 
4 189 196 (400 -272 352 ) (400 0 352 ) (768 0 352 ) (768 -272 352 ) 
4 189 195 (768 0 352 ) (784 0 352 ) (784 -400 352 ) (768 -400 352 ) 
4 189 191 (400 0 352 ) (400 -400 352 ) (400 -400 704 ) (400 0 704 ) 
4 189 190 (400 -400 704 ) (400 -400 352 ) (464 -400 352 ) (464 -400 704 ) 
3 190 207 (400 -464 352 ) (400 -440.003876 352 ) (447.992096 -416.007874 352 ) 
5 190 205 (400 -440.003876 352 ) (400 -432 352 ) (432 -400 352 ) (464 -400 352 ) (447.992096 -416.007874 352 ) 
3 190 204 (400 -432 352 ) (400 -400 352 ) (432 -400 352 ) 
4 190 191 (400 -400 352 ) (400 -464 352 ) (400 -464 704 ) (400 -400 704 ) 
4 191 213 (128 -496 352 ) (112 -496 352 ) (112 -272 352 ) (128 -272 352 ) 
4 191 209 (384 -496 352 ) (128 -496 352 ) (128 -272 352 ) (384 -272 352 ) 
4 191 199 (400 -272 352 ) (400 -496 352 ) (384 -496 352 ) (384 -272 352 ) 
3 191 197 (160 -256 352 ) (160 -272 352 ) (144 -272 352 ) 
4 191 196 (160 0 352 ) (400 0 352 ) (400 -272 352 ) (160 -272 352 ) 
4 191 193 (112 -496 352 ) (400 -496 352 ) (400 -496 704 ) (112 -496 704 ) 
4 191 192 (112 -432 352 ) (112 -496 352 ) (112 -496 704 ) (112 -432 704 ) 
4 192 215 (112 -432 352 ) (112 -464 352 ) (80 -496 352 ) (48 -496 352 ) 
3 192 214 (112 -464 352 ) (112 -496 352 ) (80 -496 352 ) 
4 192 193 (48 -496 352 ) (112 -496 352 ) (112 -496 704 ) (48 -496 704 ) 
4 193 217 (16 -912 352 ) (16 -896 352 ) (400 -896 352 ) (400 -912 352 ) 
4 193 212 (16 -512 352 ) (16 -496 352 ) (128 -496 352 ) (128 -512 352 ) 
4 193 216 (16 -896 352 ) (16 -512 352 ) (128 -512 352 ) (128 -896 352 ) 
3 193 210 (384 -639.992188 352 ) (384 -896 352 ) (255.996078 -896 352 ) 
5 193 209 (128 -496 352 ) (384 -496 352 ) (384 -639.992188 352 ) (255.996078 -896 352 ) (128 -896 352 ) 
4 193 199 (384 -496 352 ) (400 -496 352 ) (400 -896 352 ) (384 -896 352 ) 
4 193 194 (16 -496 704 ) (16 -496 352 ) (16 -912 352 ) (16 -912 704 ) 
4 194 252 (16 -1024 704 ) (0 -1024 704 ) (0 -1024 352 ) (16 -1024 352 ) 
4 194 238 (0 -624 384 ) (0 -528 384 ) (0 -512 352 ) (0 -640 352 ) 
4 194 237 (0 -528 384 ) (0 -496 384 ) (0 -496 352 ) (0 -512 352 ) 
4 194 236 (0 -1024 352 ) (0 -1024 384 ) (0 -624 384 ) (0 -640 352 ) 
4 194 235 (0 -1024 384 ) (0 -1024 704 ) (0 -496 704 ) (0 -496 384 ) 
4 194 218 (16 -1024 352 ) (0 -1024 352 ) (0 -896 352 ) (16 -896 352 ) 
4 194 212 (0 -512 352 ) (0 -496 352 ) (16 -496 352 ) (16 -512 352 ) 
4 194 216 (0 -896 352 ) (0 -512 352 ) (16 -512 352 ) (16 -896 352 ) 
3 195 201 (768 -384 320 ) (768 -400 352 ) (768 -384 352 ) 
4 195 198 (768 -384 320 ) (768 -384 352 ) (768 -272 352 ) (768 -272 320 ) 
4 195 196 (768 -272 352 ) (768 0 352 ) (768 0 320 ) (768 -272 320 ) 
4 196 223 (160 0 160 ) (384 0 160 ) (384 -272 160 ) (160 -272 160 ) 
4 196 221 (384 0 160 ) (544 0 160 ) (544 -272 160 ) (384 -272 160 ) 
4 196 220 (544 0 160 ) (736 0 160 ) (736 -272 160 ) (544 -272 160 ) 
4 196 219 (736 0 160 ) (768 0 160 ) (768 -272 160 ) (736 -272 160 ) 
4 196 209 (160 -272 160 ) (384 -272 160 ) (384 -272 352 ) (160 -272 352 ) 
5 196 202 (384 -272 160 ) (544 -272 160 ) (544 -272 352 ) (400 -272 352 ) (384 -272 320 ) 
3 196 199 (400 -272 352 ) (384 -272 352 ) (384 -272 320 ) 
4 196 198 (544 -272 160 ) (768 -272 160 ) (768 -272 352 ) (544 -272 352 ) 
4 196 197 (160 -256 160 ) (160 -272 160 ) (160 -272 352 ) (160 -256 352 ) 
3 197 226 (160 -256 160 ) (160 -272 160 ) (144 -272 160 ) 
4 197 209 (144 -272 160 ) (160 -272 160 ) (160 -272 352 ) (144 -272 352 ) 
3 198 220 (544 -272 160 ) (736 -272 160 ) (736 -368 160 ) 
4 198 219 (736 -272 160 ) (768 -272 160 ) (768 -384 160 ) (736 -368 160 ) 
4 198 202 (543.998047 -272 352 ) (543.998047 -272 160 ) (736 -368 160 ) (736 -368 352 ) 
4 198 200 (736 -368 160 ) (768 -384 192.001953 ) (768 -384 352 ) (736 -368 352 ) 
3 199 217 (400 -896 352 ) (384 -896 352 ) (384 -896 320 ) 
4 199 210 (384 -639.992126 320 ) (384 -896 320 ) (384 -896 352 ) (384 -639.992126 352 ) 
4 199 209 (384 -272 352 ) (384 -272 320 ) (384 -639.992126 320 ) (384 -639.992126 352 ) 
4 199 207 (384 -448.008026 319.996094 ) (384 -448.003906 319.996094 ) (400.001953 -440.002899 352 ) (400.001953 -464.009979 352 ) 
4 199 205 (384 -448.003906 319.996094 ) (384 -448 319.996094 ) (400.001953 -431.998047 352 ) (400.001953 -440.002899 352 ) 
5 199 204 (384 -448 319.996094 ) (384 -384 319.996094 ) (384.001923 -384 320 ) (400.001953 -400 352 ) (400.001953 -431.998047 352 ) 
3 199 206 (384.001923 -384 320 ) (400.001953 -384 352 ) (400.001953 -400 352 ) 
4 199 202 (384 -384 319.996094 ) (384 -272 319.996094 ) (400.001953 -272 352 ) (400.001953 -384 352 ) 
4 200 202 (736 -384 352 ) (736 -368 352 ) (736 -368 160 ) (736 -384 192 ) 
4 200 201 (736 -384 352 ) (736 -384 320 ) (768 -384 320 ) (768 -384 352 ) 
3 201 208 (736 -400 352 ) (736 -384 352 ) (736 -384 320 ) 
3 202 222 (544 -288 160 ) (544 -368 160 ) (464 -368 160 ) 
5 202 221 (384 -272 160 ) (544 -272 160 ) (544 -288 160 ) (464 -368 160 ) (384 -368 160 ) 
3 202 220 (544 -272 160 ) (736 -368 160 ) (544 -368 160 ) 
5 202 209 (384 -272 320 ) (384 -272 160 ) (384 -368 160 ) (384 -384 192 ) (384 -384 320 ) 
4 202 208 (736 -384 320 ) (736 -384 352 ) (512.007813 -384 352 ) (512.007813 -384 320 ) 
4 202 204 (384 -384 320 ) (384 -384 192 ) (448 -384 192 ) (448 -384 320 ) 
4 202 206 (512.007813 -384 352 ) (400 -384 352 ) (384 -384 320 ) (512.007813 -384 320 ) 
4 202 203 (512.007813 -384 192 ) (384 -384 192 ) (384 -368 160 ) (544.007813 -368 160 ) 
4 203 222 (512.007813 -384 160 ) (448 -384 160 ) (464 -368 160 ) (544.007813 -368 160 ) 
4 203 221 (448 -384 160 ) (384 -384 160 ) (384 -368 160 ) (464 -368 160 ) 
3 203 209 (384 -368 160 ) (384 -384 160 ) (384 -384 192 ) 
4 203 204 (448 -384 192 ) (384 -384 192 ) (384 -384 160 ) (448 -384 160 ) 
3 204 221 (384 -448 160 ) (384 -384 160 ) (448 -384 160 ) 
4 204 209 (384 -384 160 ) (384 -448.003906 160 ) (384 -448.003906 320 ) (384 -384 320 ) 
5 204 205 (448 -384 320 ) (432 -400 352 ) (400 -432 352 ) (384 -448 320 ) (384 -448 319.988037 ) 
4 204 206 (448 -384 320 ) (384 -384 320 ) (400.001465 -400 352 ) (432 -400 352 ) 
4 205 207 (448.003967 -415.998993 352 ) (400.001953 -440 352 ) (384 -448 319.996124 ) (384 -448 319.989044 ) 
3 205 206 (448 -384 320 ) (432 -400 352 ) (464 -400 352 ) 
3 206 208 (512.001953 -384 320 ) (512.001953 -384 352 ) (480.001923 -400 352 ) 
4 209 229 (160 -512 160 ) (160 -896 160 ) (128 -896 160 ) (128 -512 160 ) 
4 209 227 (128 -272 160 ) (160 -272 160 ) (160 -512 160 ) (128 -512 160 ) 
4 209 225 (271.996094 -864 160 ) (255.996078 -896 160 ) (160 -896 160 ) (160 -864 160 ) 
4 209 224 (367.996063 -672 160 ) (271.996094 -864 160 ) (160 -864 160 ) (160 -672 160 ) 
5 209 223 (160 -272 160 ) (384 -272 160 ) (384 -639.992126 160 ) (367.996063 -672 160 ) (160 -672 160 ) 
4 209 217 (255.996078 -896 320 ) (255.996078 -896 352 ) (128 -896 352 ) (128 -896 320 ) 
4 209 214 (128 -448 160 ) (128 -512 160 ) (128 -512 320 ) (128 -448 320 ) 
4 209 213 (128 -272 352 ) (128 -272 320 ) (128 -512 320 ) (128 -496 352 ) 
3 209 212 (128 -512 320 ) (128 -512 352 ) (128 -496 352 ) 
4 209 216 (128 -512 160 ) (128 -896 160 ) (128 -896 352 ) (128 -512 352 ) 
5 209 210 (255.996094 -896 352 ) (255.996094 -896 160 ) (368 -671.992188 160 ) (384 -639.992188 192 ) (384 -639.992188 352 ) 
4 210 225 (368 -896 160 ) (255.996078 -896 160 ) (271.996063 -864 160 ) (368 -864 160 ) 
3 210 224 (271.996063 -864 160 ) (368 -671.992065 160 ) (368 -864 160 ) 
4 210 217 (384 -896 320 ) (384 -896 352 ) (255.996078 -896 352 ) (255.996078 -896 320 ) 
3 210 211 (384 -896 192 ) (368 -896 160 ) (368 -864 160 ) 
3 211 225 (384 -896 160 ) (368 -896 160 ) (368 -864 160 ) 
3 212 241 (0 -512 352 ) (0 -496 352 ) (0 -512 320 ) 
3 212 215 (64 -512 320 ) (48 -496 352 ) (80 -496 352 ) 
4 212 214 (128 -512 320 ) (64 -512 320 ) (80 -496 352 ) (112 -496 352 ) 
3 212 213 (128 -496 352 ) (128 -512 320 ) (112 -496 352 ) 
4 212 216 (128 -512 320 ) (128 -512 352 ) (0 -512 352 ) (0 -512 320 ) 
3 213 215 (128 -448 320 ) (112 -464 352 ) (112 -432 352 ) 
5 213 214 (128 -448 320 ) (128 -512 320 ) (127.998047 -512 320.003906 ) (112 -496.001953 352 ) (112 -464 352 ) 
3 214 228 (128 -448 160 ) (128 -512 160 ) (67.764725 -512 160 ) 
4 214 215 (112 -464 352 ) (128 -448 320 ) (64 -512 320 ) (80 -496 352 ) 
4 214 216 (64 -512 160 ) (128 -512 160 ) (128 -512 320 ) (64 -512 320 ) 
4 216 242 (0 -896 352 ) (0 -512 352 ) (0 -512 160 ) (0 -896 160 ) 
4 216 229 (0 -896 160 ) (0 -512 160 ) (128 -512 160 ) (128 -896 160 ) 
4 216 217 (128 -896 320 ) (128 -896 352 ) (16 -896 352 ) (0 -896 320 ) 
3 216 218 (16 -896 352 ) (0 -896 352 ) (0 -896 320 ) 
3 217 218 (16 -896 352 ) (0 -896 320 ) (16 -912 352 ) 
3 218 252 (16 -1024 352 ) (0 -1024 352 ) (0 -1024 320 ) 
4 218 242 (0 -1024 320 ) (0 -1024 352 ) (0 -896 352 ) (0 -896 320 ) 
4 219 220 (736 0 0 ) (736 -368 0 ) (736 -368 160 ) (736 0 160 ) 
4 220 222 (544 -288 0 ) (544 -368.003906 0 ) (544 -368.003906 160 ) (544 -288 160 ) 
4 220 221 (544 0 0 ) (544 -288 0 ) (544 -288 160 ) (544 0 160 ) 
4 221 223 (384 0 0 ) (384 -448 0 ) (384 -448 160 ) (384 0 160 ) 
4 221 222 (448.001953 -384 0 ) (544 -288.001953 0 ) (544 -288.001953 160 ) (448.001953 -384 160 ) 
4 223 234 (160 -512 0 ) (160 -672 0 ) (160 -672 128 ) (160 -512 128 ) 
4 223 232 (160 -272 0 ) (160 -512 0 ) (160 -512 128 ) (160 -272 128 ) 
4 223 231 (160 -256 0 ) (160 -272 0 ) (160 -272 128 ) (160 -256 128 ) 
4 223 230 (160 -176 16 ) (160 -176 128 ) (160 -80 128 ) (160 -80 16 ) 
4 223 229 (160 -672 128 ) (160 -672 160 ) (160 -512 160 ) (160 -512 128 ) 
4 223 227 (160 -512 160 ) (160 -272 160 ) (160 -272 128 ) (160 -512 128 ) 
4 223 226 (160 -272 160 ) (160 -256 160 ) (160 -256 128 ) (160 -272 128 ) 
4 223 224 (160 -672 160 ) (160 -672 0 ) (367.996094 -672 0 ) (367.996094 -672 160 ) 
4 224 234 (160 -672 0 ) (160 -864 0 ) (160 -864 128 ) (160 -672 128 ) 
4 224 229 (160 -864 128 ) (160 -864 160 ) (160 -672 160 ) (160 -672 128 ) 
4 224 225 (160 -864 160 ) (160 -864 0 ) (368 -864 0 ) (368 -864 160 ) 
4 225 234 (160 -864 0 ) (160 -896 0 ) (160 -896 128 ) (160 -864 128 ) 
4 225 229 (160 -896 128 ) (160 -896 160 ) (160 -864 160 ) (160 -864 128 ) 
3 226 231 (160 -256 128 ) (160 -272 128 ) (144 -272 128 ) 
4 226 227 (144 -272 128 ) (160 -272 128 ) (160 -272 160 ) (144 -272 160 ) 
4 227 232 (160 -272 128 ) (160 -512 128 ) (128 -512 128 ) (128 -272 128 ) 
4 227 229 (128 -512 128 ) (160 -512 128 ) (160 -512 160 ) (128 -512 160 ) 
4 227 228 (128 -448 128 ) (128 -512 128 ) (128 -512 160 ) (128 -448 160 ) 
3 228 233 (128 -512 128 ) (67.764702 -512 128 ) (128 -448 128 ) 
4 228 229 (67.764702 -512 128 ) (128 -512 128 ) (128 -512 160 ) (67.764702 -512 160 ) 
4 229 249 (0 -896 160 ) (0 -640 160 ) (0 -640 128 ) (0 -896 128 ) 
4 229 248 (0 -640 160 ) (0 -608 160 ) (0 -608 128 ) (0 -640 128 ) 
4 229 247 (0 -608 160 ) (0 -512 160 ) (0 -512 128 ) (0 -608 128 ) 
4 229 234 (160 -512 128 ) (160 -896 128 ) (0 -896 128 ) (0 -512 128 ) 
4 231 232 (144 -272 0 ) (160 -272 0 ) (160 -272 128 ) (144 -272 128 ) 
4 232 234 (128 -512 0 ) (160 -512 0 ) (160 -512 128 ) (128 -512 128 ) 
4 232 233 (128 -448 0 ) (128 -512 0 ) (128 -512 128 ) (128 -448 128 ) 
4 233 234 (67.764702 -512 0 ) (128 -512 0 ) (128 -512 128 ) (67.764702 -512 128 ) 
4 234 249 (0 -896 128 ) (0 -640 128 ) (0 -640 0 ) (0 -896 0 ) 
4 234 248 (0 -640 128 ) (0 -608 128 ) (0 -608 32 ) (0 -640 32 ) 
4 234 247 (0 -608 128 ) (0 -512 128 ) (0 -512 0 ) (0 -608 0 ) 
4 235 253 (0 -1024 384 ) (0 -1024 704 ) (-656 -1024 704 ) (-656 -1024 384 ) 
4 235 240 (-656 -592 384 ) (-656 -1024 384 ) (-656 -1024 704 ) (-656 -592 704 ) 
4 235 239 (-656 -624 384 ) (-656 -528 384 ) (-624 -528 384 ) (-624 -624 384 ) 
4 235 238 (-528 -528 384 ) (0 -528 384 ) (0 -624 384 ) (-528 -624 384 ) 
4 235 237 (-656 -528 384 ) (-656 -496 384 ) (0 -496 384 ) (0 -528 384 ) 
4 235 236 (-656 -1024 384 ) (-656 -624 384 ) (0 -624 384 ) (0 -1024 384 ) 
4 236 253 (0 -1024 352 ) (0 -1024 384 ) (-656 -1024 384 ) (-656 -1024 352 ) 
4 236 245 (-640 -1024 352 ) (-656 -1024 352 ) (-656 -640 352 ) (-640 -640 352 ) 
4 236 243 (-512 -1024 352 ) (-640 -1024 352 ) (-640 -640 352 ) (-512 -640 352 ) 
4 236 242 (0 -1024 352 ) (-512 -1024 352 ) (-512 -640 352 ) (0 -640 352 ) 
4 236 240 (-656 -640 352 ) (-656 -1024 352 ) (-656 -1024 384 ) (-656 -624 384 ) 
4 236 239 (-640 -640 352 ) (-656 -640 352 ) (-656 -624 384 ) (-624 -624 384 ) 
4 236 238 (0 -640 352 ) (-512 -640 352 ) (-528 -624 384 ) (0 -624 384 ) 
4 237 241 (-512 -496 352 ) (0 -496 352 ) (0 -512 352 ) (-512 -512 352 ) 
4 237 239 (-624 -528 384 ) (-656 -528 384 ) (-656 -512 352 ) (-640 -512 352 ) 
4 237 238 (0 -528 384 ) (-528 -528 384 ) (-512 -512 352 ) (0 -512 352 ) 
4 238 242 (-512 -512 352 ) (0 -512 352 ) (0 -640 352 ) (-512 -640 352 ) 
4 239 244 (-656 -608 352 ) (-656 -592 352 ) (-640 -592 352 ) (-640 -608 352 ) 
4 239 245 (-656 -640 352 ) (-656 -608 352 ) (-640 -608 352 ) (-640 -640 352 ) 
4 239 240 (-656 -592 352 ) (-656 -640 352 ) (-656 -624 384 ) (-656 -592 384 ) 
4 240 253 (-656 -1024 704 ) (-896 -1024 704 ) (-896 -1024 352 ) (-656 -1024 352 ) 
4 240 244 (-896 -608 352 ) (-896 -592 352 ) (-656 -592 352 ) (-656 -608 352 ) 
4 240 245 (-656 -1024 352 ) (-896 -1024 352 ) (-896 -608 352 ) (-656 -608 352 ) 
4 241 242 (-512 -512 352 ) (-512 -512 320 ) (0 -512 320 ) (0 -512 352 ) 
4 242 254 (0 -1024 320 ) (0 -1024 352 ) (-512 -1024 352 ) (-512 -1024 320 ) 
4 242 249 (0 -640 160 ) (0 -1024 160 ) (-512 -1024 160 ) (-512 -640 160 ) 
4 242 248 (0 -608 160 ) (0 -640 160 ) (-512 -640 160 ) (-512 -608 160 ) 
4 242 247 (0 -512 160 ) (0 -608 160 ) (-512 -608 160 ) (-512 -512 160 ) 
4 242 243 (-512 -640 160 ) (-512 -1024 160 ) (-512 -1024 352 ) (-512 -640 352 ) 
4 243 254 (-512 -1024 352 ) (-640 -1024 352 ) (-640 -1024 320 ) (-512 -1024 320 ) 
4 243 251 (-512 -640 160 ) (-512 -1024 160 ) (-640 -1024 160 ) (-640 -640 160 ) 
4 243 245 (-640 -640 160 ) (-640 -1024 160 ) (-640 -1024 352 ) (-640 -640 352 ) 
3 244 246 (-896 -608 320 ) (-896 -608 352 ) (-896 -592 352 ) 
4 244 245 (-896 -608 352 ) (-896 -608 320 ) (-640 -608 320 ) (-640 -608 352 ) 
4 245 254 (-640 -1024 352 ) (-896 -1024 352 ) (-896 -1024 320 ) (-640 -1024 320 ) 
4 245 251 (-640 -640 160 ) (-640 -1024 160 ) (-896 -1024 160 ) (-896 -640 160 ) 
4 245 250 (-640 -608 160 ) (-640 -640 160 ) (-896 -640 160 ) (-896 -608 160 ) 
4 245 246 (-896 -1024 320 ) (-896 -1024 352 ) (-896 -608 352 ) (-896 -608 320 ) 
3 246 255 (-896 -1024 352 ) (-912 -1024 352 ) (-896 -1024 320 ) 
3 247 248 (-512 -608 160 ) (0 -608 32 ) (0 -608 160 ) 
3 248 249 (-512 -640 160 ) (0 -640 32 ) (0 -640 160 ) 
4 249 251 (-512 -1024 160 ) (-512 -640 160 ) (-512 -640 128 ) (-512 -896 128 ) 
4 250 251 (-896 -640 160 ) (-896 -640 128 ) (-640 -640 128 ) (-640 -640 160 ) 
3 252 254 (0 -1024 352 ) (0 -1024 320 ) (0 -1056 352 ) 
4 252 253 (0 -1024 704 ) (0 -1024 352 ) (0 -1056 352 ) (0 -1056 704 ) 
4 253 254 (-896 -1024 352 ) (0 -1024 352 ) (0 -1056 352 ) (-896 -1056 352 ) 
3 254 255 (-896 -1056 352 ) (-896 -1024 352 ) (-896 -1024 320 ) 
